This is pdfTeX, Version 3.14159265-2.6-1.40.20 (TeX Live 2019/W32TeX) (preloaded format=pdflatex 2020.3.4)  13 APR 2020 11:25
entering extended mode
 restricted \write18 enabled.
 %&-line parsing enabled.
**thesis.tex
(./thesis.tex
LaTeX2e <2020-02-02> patch level 5
L3 programming layer <2020-02-25> (./muthesis.cls
Document Class: muthesis 2011/08/15 MU Thesis Class

(c:/Users/mbrxsmbc/Documents/TinyTex/texmf-dist/tex/latex/setspace/setspace.sty
Package: setspace 2011/12/19 v6.7a set line spacing
) (c:/Users/mbrxsmbc/Documents/TinyTex/texmf-dist/tex/latex/base/book.cls
Document Class: book 2019/12/20 v1.4l Standard LaTeX document class
(c:/Users/mbrxsmbc/Documents/TinyTex/texmf-dist/tex/latex/base/bk10.clo
File: bk10.clo 2019/12/20 v1.4l Standard LaTeX file (size option)
)
\c@part=\count167
\c@chapter=\count168
\c@section=\count169
\c@subsection=\count170
\c@subsubsection=\count171
\c@paragraph=\count172
\c@subparagraph=\count173
\c@figure=\count174
\c@table=\count175
\abovecaptionskip=\skip47
\belowcaptionskip=\skip48
\bibindent=\dimen134
)) (c:/Users/mbrxsmbc/Documents/TinyTex/texmf-dist/tex/latex/tools/verbatim.sty
Package: verbatim 2019/11/10 v1.5r LaTeX2e package for verbatim enhancements
\every@verbatim=\toks15
\verbatim@line=\toks16
\verbatim@in@stream=\read2
)
(c:/Users/mbrxsmbc/Documents/TinyTex/texmf-dist/tex/latex/graphics/graphicx.sty
Package: graphicx 2019/11/30 v1.2a Enhanced LaTeX Graphics (DPC,SPQR)
(c:/Users/mbrxsmbc/Documents/TinyTex/texmf-dist/tex/latex/graphics/keyval.sty
Package: keyval 2014/10/28 v1.15 key=value parser (DPC)
\KV@toks@=\toks17
)
(c:/Users/mbrxsmbc/Documents/TinyTex/texmf-dist/tex/latex/graphics/graphics.sty
Package: graphics 2019/11/30 v1.4a Standard LaTeX Graphics (DPC,SPQR)
(c:/Users/mbrxsmbc/Documents/TinyTex/texmf-dist/tex/latex/graphics/trig.sty
Package: trig 2016/01/03 v1.10 sin cos tan (DPC)
)
(c:/Users/mbrxsmbc/Documents/TinyTex/texmf-dist/tex/latex/graphics-cfg/graphics
.cfg
File: graphics.cfg 2016/06/04 v1.11 sample graphics configuration
)
Package graphics Info: Driver file: pdftex.def on input line 105.

(c:/Users/mbrxsmbc/Documents/TinyTex/texmf-dist/tex/latex/graphics-def/pdftex.d
ef
File: pdftex.def 2018/01/08 v1.0l Graphics/color driver for pdftex
))
\Gin@req@height=\dimen135
\Gin@req@width=\dimen136
) (c:/Users/mbrxsmbc/Documents/TinyTex/texmf-dist/tex/latex/url/url.sty
\Urlmuskip=\muskip16
Package: url 2013/09/16  ver 3.4  Verb mode for urls, etc.
)
(c:/Users/mbrxsmbc/Documents/TinyTex/texmf-dist/tex/latex/listings/listings.sty
\lst@mode=\count176
\lst@gtempboxa=\box45
\lst@token=\toks18
\lst@length=\count177
\lst@currlwidth=\dimen137
\lst@column=\count178
\lst@pos=\count179
\lst@lostspace=\dimen138
\lst@width=\dimen139
\lst@newlines=\count180
\lst@lineno=\count181
\lst@maxwidth=\dimen140
(c:/Users/mbrxsmbc/Documents/TinyTex/texmf-dist/tex/latex/listings/lstmisc.sty
File: lstmisc.sty 2019/09/10 1.8c (Carsten Heinz)
\c@lstnumber=\count182
\lst@skipnumbers=\count183
\lst@framebox=\box46
)
(c:/Users/mbrxsmbc/Documents/TinyTex/texmf-dist/tex/latex/listings/listings.cfg
File: listings.cfg 2019/09/10 1.8c listings configuration
))
Package: listings 2019/09/10 1.8c (Carsten Heinz)
(c:/Users/mbrxsmbc/Documents/TinyTex/texmf-dist/tex/latex/pslatex/pslatex.sty
Package: pslatex 1996/07/24 v1.2 pslatex emulation (DPC)
LaTeX Font Info:    Redeclaring symbol font `operators' on input line 65.
LaTeX Font Info:    Overwriting symbol font `operators' in version `normal'
(Font)                  OT1/cmr/m/n --> OT1/ptmcm/m/n on input line 65.
LaTeX Font Info:    Overwriting symbol font `operators' in version `bold'
(Font)                  OT1/cmr/bx/n --> OT1/ptmcm/m/n on input line 65.
LaTeX Font Info:    Redeclaring symbol font `letters' on input line 66.
LaTeX Font Info:    Overwriting symbol font `letters' in version `normal'
(Font)                  OML/cmm/m/it --> OML/ptmcm/m/it on input line 66.
LaTeX Font Info:    Overwriting symbol font `letters' in version `bold'
(Font)                  OML/cmm/b/it --> OML/ptmcm/m/it on input line 66.
LaTeX Font Info:    Redeclaring symbol font `symbols' on input line 67.
LaTeX Font Info:    Overwriting symbol font `symbols' in version `normal'
(Font)                  OMS/cmsy/m/n --> OMS/pzccm/m/n on input line 67.
LaTeX Font Info:    Overwriting symbol font `symbols' in version `bold'
(Font)                  OMS/cmsy/b/n --> OMS/pzccm/m/n on input line 67.
LaTeX Font Info:    Redeclaring symbol font `largesymbols' on input line 68.
LaTeX Font Info:    Overwriting symbol font `largesymbols' in version `normal'
(Font)                  OMX/cmex/m/n --> OMX/psycm/m/n on input line 68.
LaTeX Font Info:    Overwriting symbol font `largesymbols' in version `bold'
(Font)                  OMX/cmex/m/n --> OMX/psycm/m/n on input line 68.
\symbold=\mathgroup4
\symitalic=\mathgroup5
LaTeX Font Info:    Redeclaring math alphabet \mathbf on input line 74.
LaTeX Font Info:    Overwriting math alphabet `\mathbf' in version `normal'
(Font)                  OT1/cmr/bx/n --> OT1/ptm/bx/n on input line 74.
LaTeX Font Info:    Overwriting math alphabet `\mathbf' in version `bold'
(Font)                  OT1/cmr/bx/n --> OT1/ptm/bx/n on input line 74.
LaTeX Font Info:    Redeclaring math alphabet \mathit on input line 75.
LaTeX Font Info:    Overwriting math alphabet `\mathit' in version `normal'
(Font)                  OT1/cmr/m/it --> OT1/ptm/m/it on input line 75.
LaTeX Font Info:    Overwriting math alphabet `\mathit' in version `bold'
(Font)                  OT1/cmr/bx/it --> OT1/ptm/m/it on input line 75.

LaTeX Warning: Font shape declaration has incorrect series value `mc'.
               It should not contain an `m'! Please correct it.
               Found on input line 226.


LaTeX Warning: Font shape declaration has incorrect series value `mc'.
               It should not contain an `m'! Please correct it.
               Found on input line 230.


LaTeX Warning: Font shape declaration has incorrect series value `mc'.
               It should not contain an `m'! Please correct it.
               Found on input line 234.


LaTeX Warning: Font shape declaration has incorrect series value `mc'.
               It should not contain an `m'! Please correct it.
               Found on input line 243.


LaTeX Warning: Font shape declaration has incorrect series value `mc'.
               It should not contain an `m'! Please correct it.
               Found on input line 384.


LaTeX Warning: Font shape declaration has incorrect series value `mc'.
               It should not contain an `m'! Please correct it.
               Found on input line 388.


LaTeX Warning: Font shape declaration has incorrect series value `mc'.
               It should not contain an `m'! Please correct it.
               Found on input line 392.


LaTeX Warning: Font shape declaration has incorrect series value `mc'.
               It should not contain an `m'! Please correct it.
               Found on input line 401.

) (c:/Users/mbrxsmbc/Documents/TinyTex/texmf-dist/tex/latex/base/latexsym.sty
Package: latexsym 1998/08/17 v2.2e Standard LaTeX package (lasy symbols)
\symlasy=\mathgroup6
LaTeX Font Info:    Overwriting symbol font `lasy' in version `bold'
(Font)                  U/lasy/m/n --> U/lasy/b/n on input line 52.
) (c:/Users/mbrxsmbc/Documents/TinyTex/texmf-dist/tex/latex/amsmath/amsmath.sty
Package: amsmath 2020/01/20 v2.17e AMS math features
\@mathmargin=\skip49
For additional information on amsmath, use the `?' option.
(c:/Users/mbrxsmbc/Documents/TinyTex/texmf-dist/tex/latex/amsmath/amstext.sty
Package: amstext 2000/06/29 v2.01 AMS text
(c:/Users/mbrxsmbc/Documents/TinyTex/texmf-dist/tex/latex/amsmath/amsgen.sty
File: amsgen.sty 1999/11/30 v2.0 generic functions
\@emptytoks=\toks19
\ex@=\dimen141
)) (c:/Users/mbrxsmbc/Documents/TinyTex/texmf-dist/tex/latex/amsmath/amsbsy.sty
Package: amsbsy 1999/11/29 v1.2d Bold Symbols
\pmbraise@=\dimen142
) (c:/Users/mbrxsmbc/Documents/TinyTex/texmf-dist/tex/latex/amsmath/amsopn.sty
Package: amsopn 2016/03/08 v2.02 operator names
)
\inf@bad=\count184
LaTeX Info: Redefining \frac on input line 227.
\uproot@=\count185
\leftroot@=\count186
LaTeX Info: Redefining \overline on input line 389.
\classnum@=\count187
\DOTSCASE@=\count188
LaTeX Info: Redefining \ldots on input line 486.
LaTeX Info: Redefining \dots on input line 489.
LaTeX Info: Redefining \cdots on input line 610.
\Mathstrutbox@=\box47
\strutbox@=\box48
\big@size=\dimen143
LaTeX Font Info:    Redeclaring font encoding OML on input line 733.
LaTeX Font Info:    Redeclaring font encoding OMS on input line 734.
\macc@depth=\count189
\c@MaxMatrixCols=\count190
\dotsspace@=\muskip17
\c@parentequation=\count191
\dspbrk@lvl=\count192
\tag@help=\toks20
\row@=\count193
\column@=\count194
\maxfields@=\count195
\andhelp@=\toks21
\eqnshift@=\dimen144
\alignsep@=\dimen145
\tagshift@=\dimen146
\tagwidth@=\dimen147
\totwidth@=\dimen148
\lineht@=\dimen149
\@envbody=\toks22
\multlinegap=\skip50
\multlinetaggap=\skip51
\mathdisplay@stack=\toks23
LaTeX Info: Redefining \[ on input line 2859.
LaTeX Info: Redefining \] on input line 2860.
) (c:/Users/mbrxsmbc/Documents/TinyTex/texmf-dist/tex/latex/amsfonts/amssymb.st
y
Package: amssymb 2013/01/14 v3.01 AMS font symbols

(c:/Users/mbrxsmbc/Documents/TinyTex/texmf-dist/tex/latex/amsfonts/amsfonts.sty
Package: amsfonts 2013/01/14 v3.01 Basic AMSFonts support
\symAMSa=\mathgroup7
\symAMSb=\mathgroup8
LaTeX Font Info:    Redeclaring math symbol \hbar on input line 98.
LaTeX Font Info:    Overwriting math alphabet `\mathfrak' in version `bold'
(Font)                  U/euf/m/n --> U/euf/b/n on input line 106.
)) (c:/Users/mbrxsmbc/Documents/TinyTex/texmf-dist/tex/latex/amscls/amsthm.sty
Package: amsthm 2017/10/31 v2.20.4
\thm@style=\toks24
\thm@bodyfont=\toks25
\thm@headfont=\toks26
\thm@notefont=\toks27
\thm@headpunct=\toks28
\thm@preskip=\skip52
\thm@postskip=\skip53
\thm@headsep=\skip54
\dth@everypar=\toks29
) (c:/Users/mbrxsmbc/Documents/TinyTex/texmf-dist/tex/latex/tools/longtable.sty
Package: longtable 2020/01/07 v4.13 Multi-page Table package (DPC)
\LTleft=\skip55
\LTright=\skip56
\LTpre=\skip57
\LTpost=\skip58
\LTchunksize=\count196
\LTcapwidth=\dimen150
\LT@head=\box49
\LT@firsthead=\box50
\LT@foot=\box51
\LT@lastfoot=\box52
\LT@cols=\count197
\LT@rows=\count198
\c@LT@tables=\count199
\c@LT@chunks=\count266
\LT@p@ftn=\toks30
)
(c:/Users/mbrxsmbc/Documents/TinyTex/texmf-dist/tex/latex/booktabs/booktabs.sty
Package: booktabs 2020/01/12 v1.61803398 Publication quality tables
\heavyrulewidth=\dimen151
\lightrulewidth=\dimen152
\cmidrulewidth=\dimen153
\belowrulesep=\dimen154
\belowbottomsep=\dimen155
\aboverulesep=\dimen156
\abovetopsep=\dimen157
\cmidrulesep=\dimen158
\cmidrulekern=\dimen159
\defaultaddspace=\dimen160
\@cmidla=\count267
\@cmidlb=\count268
\@aboverulesep=\dimen161
\@belowrulesep=\dimen162
\@thisruleclass=\count269
\@lastruleclass=\count270
\@thisrulewidth=\dimen163
)
(c:/Users/mbrxsmbc/Documents/TinyTex/texmf-dist/tex/latex/hyperref/hyperref.sty
Package: hyperref 2020/01/14 v7.00d Hypertext links for LaTeX

(c:/Users/mbrxsmbc/Documents/TinyTex/texmf-dist/tex/generic/ltxcmds/ltxcmds.sty
Package: ltxcmds 2019/12/15 v1.24 LaTeX kernel commands for general use (HO)
) (c:/Users/mbrxsmbc/Documents/TinyTex/texmf-dist/tex/generic/iftex/iftex.sty
Package: iftex 2019/11/07 v1.0c TeX engine tests
)
(c:/Users/mbrxsmbc/Documents/TinyTex/texmf-dist/tex/latex/pdftexcmds/pdftexcmds
.sty
Package: pdftexcmds 2019/11/24 v0.31 Utility functions of pdfTeX for LuaTeX (HO
)

(c:/Users/mbrxsmbc/Documents/TinyTex/texmf-dist/tex/generic/infwarerr/infwarerr
.sty
Package: infwarerr 2019/12/03 v1.5 Providing info/warning/error messages (HO)
)
Package pdftexcmds Info: \pdf@primitive is available.
Package pdftexcmds Info: \pdf@ifprimitive is available.
Package pdftexcmds Info: \pdfdraftmode found.
)
(c:/Users/mbrxsmbc/Documents/TinyTex/texmf-dist/tex/generic/kvsetkeys/kvsetkeys
.sty
Package: kvsetkeys 2019/12/15 v1.18 Key value parser (HO)
)
(c:/Users/mbrxsmbc/Documents/TinyTex/texmf-dist/tex/generic/kvdefinekeys/kvdefi
nekeys.sty
Package: kvdefinekeys 2019-12-19 v1.6 Define keys (HO)
)
(c:/Users/mbrxsmbc/Documents/TinyTex/texmf-dist/tex/generic/pdfescape/pdfescape
.sty
Package: pdfescape 2019/12/09 v1.15 Implements pdfTeX's escape features (HO)
) (c:/Users/mbrxsmbc/Documents/TinyTex/texmf-dist/tex/latex/hycolor/hycolor.sty
Package: hycolor 2020-01-27 v1.10 Color options for hyperref/bookmark (HO)
)
(c:/Users/mbrxsmbc/Documents/TinyTex/texmf-dist/tex/latex/letltxmacro/letltxmac
ro.sty
Package: letltxmacro 2019/12/03 v1.6 Let assignment for LaTeX macros (HO)
) (c:/Users/mbrxsmbc/Documents/TinyTex/texmf-dist/tex/latex/auxhook/auxhook.sty
Package: auxhook 2019-12-17 v1.6 Hooks for auxiliary files (HO)
)
(c:/Users/mbrxsmbc/Documents/TinyTex/texmf-dist/tex/latex/kvoptions/kvoptions.s
ty
Package: kvoptions 2019/11/29 v3.13 Key value format for package options (HO)
)
\@linkdim=\dimen164
\Hy@linkcounter=\count271
\Hy@pagecounter=\count272
(c:/Users/mbrxsmbc/Documents/TinyTex/texmf-dist/tex/latex/hyperref/pd1enc.def
File: pd1enc.def 2020/01/14 v7.00d Hyperref: PDFDocEncoding definition (HO)
Now handling font encoding PD1 ...
... no UTF-8 mapping file for font encoding PD1
)
(c:/Users/mbrxsmbc/Documents/TinyTex/texmf-dist/tex/generic/intcalc/intcalc.sty
Package: intcalc 2019/12/15 v1.3 Expandable calculations with integers (HO)
)
(c:/Users/mbrxsmbc/Documents/TinyTex/texmf-dist/tex/generic/etexcmds/etexcmds.s
ty
Package: etexcmds 2019/12/15 v1.7 Avoid name clashes with e-TeX commands (HO)
)
\Hy@SavedSpaceFactor=\count273
\pdfmajorversion=\count274
Package hyperref Info: Hyper figures OFF on input line 4547.
Package hyperref Info: Link nesting OFF on input line 4552.
Package hyperref Info: Hyper index ON on input line 4555.
Package hyperref Info: Plain pages OFF on input line 4562.
Package hyperref Info: Backreferencing OFF on input line 4567.
Package hyperref Info: Implicit mode ON; LaTeX internals redefined.
Package hyperref Info: Bookmarks ON on input line 4800.
\c@Hy@tempcnt=\count275
LaTeX Info: Redefining \url on input line 5159.
\XeTeXLinkMargin=\dimen165
(c:/Users/mbrxsmbc/Documents/TinyTex/texmf-dist/tex/generic/bitset/bitset.sty
Package: bitset 2019/12/09 v1.3 Handle bit-vector datatype (HO)

(c:/Users/mbrxsmbc/Documents/TinyTex/texmf-dist/tex/generic/bigintcalc/bigintca
lc.sty
Package: bigintcalc 2019/12/15 v1.5 Expandable calculations on big integers (HO
)
))
\Fld@menulength=\count276
\Field@Width=\dimen166
\Fld@charsize=\dimen167
Package hyperref Info: Hyper figures OFF on input line 6430.
Package hyperref Info: Link nesting OFF on input line 6435.
Package hyperref Info: Hyper index ON on input line 6438.
Package hyperref Info: backreferencing OFF on input line 6445.
Package hyperref Info: Link coloring OFF on input line 6450.
Package hyperref Info: Link coloring with OCG OFF on input line 6455.
Package hyperref Info: PDF/A mode OFF on input line 6460.
LaTeX Info: Redefining \ref on input line 6500.
LaTeX Info: Redefining \pageref on input line 6504.

(c:/Users/mbrxsmbc/Documents/TinyTex/texmf-dist/tex/generic/atbegshi/atbegshi.s
ty
Package: atbegshi 2019/12/05 v1.19 At begin shipout hook (HO)
)
\Hy@abspage=\count277
\c@Item=\count278
\c@Hfootnote=\count279
)
Package hyperref Info: Driver (autodetected): hpdftex.
(c:/Users/mbrxsmbc/Documents/TinyTex/texmf-dist/tex/latex/hyperref/hpdftex.def
File: hpdftex.def 2020/01/14 v7.00d Hyperref driver for pdfTeX

(c:/Users/mbrxsmbc/Documents/TinyTex/texmf-dist/tex/latex/atveryend/atveryend.s
ty
Package: atveryend 2019-12-11 v1.11 Hooks at the very end of document (HO)
Package atveryend Info: \enddocument detected (standard20110627).
)
\Fld@listcount=\count280
\c@bookmark@seq@number=\count281

(c:/Users/mbrxsmbc/Documents/TinyTex/texmf-dist/tex/latex/rerunfilecheck/rerunf
ilecheck.sty
Package: rerunfilecheck 2019/12/05 v1.9 Rerun checks for auxiliary files (HO)

(c:/Users/mbrxsmbc/Documents/TinyTex/texmf-dist/tex/generic/uniquecounter/uniqu
ecounter.sty
Package: uniquecounter 2019/12/15 v1.4 Provide unlimited unique counter (HO)
)
Package uniquecounter Info: New unique counter `rerunfilecheck' on input line 2
86.
)
\Hy@SectionHShift=\skip59
)
Package hyperref Info: Option `colorlinks' set `false' on input line 28.
(c:/Users/mbrxsmbc/Documents/TinyTex/texmf-dist/tex/latex/lm/lmodern.sty
Package: lmodern 2009/10/30 v1.6 Latin Modern Fonts
LaTeX Font Info:    Overwriting symbol font `operators' in version `normal'
(Font)                  OT1/ptmcm/m/n --> OT1/lmr/m/n on input line 22.
LaTeX Font Info:    Overwriting symbol font `letters' in version `normal'
(Font)                  OML/ptmcm/m/it --> OML/lmm/m/it on input line 23.
LaTeX Font Info:    Overwriting symbol font `symbols' in version `normal'
(Font)                  OMS/pzccm/m/n --> OMS/lmsy/m/n on input line 24.
LaTeX Font Info:    Overwriting symbol font `largesymbols' in version `normal'
(Font)                  OMX/psycm/m/n --> OMX/lmex/m/n on input line 25.
LaTeX Font Info:    Overwriting symbol font `operators' in version `bold'
(Font)                  OT1/ptmcm/m/n --> OT1/lmr/bx/n on input line 26.
LaTeX Font Info:    Overwriting symbol font `letters' in version `bold'
(Font)                  OML/ptmcm/m/it --> OML/lmm/b/it on input line 27.
LaTeX Font Info:    Overwriting symbol font `symbols' in version `bold'
(Font)                  OMS/pzccm/m/n --> OMS/lmsy/b/n on input line 28.
LaTeX Font Info:    Overwriting symbol font `largesymbols' in version `bold'
(Font)                  OMX/psycm/m/n --> OMX/lmex/m/n on input line 29.
LaTeX Font Info:    Overwriting math alphabet `\mathbf' in version `normal'
(Font)                  OT1/ptm/bx/n --> OT1/lmr/bx/n on input line 31.
LaTeX Font Info:    Overwriting math alphabet `\mathsf' in version `normal'
(Font)                  OT1/cmss/m/n --> OT1/lmss/m/n on input line 32.
LaTeX Font Info:    Overwriting math alphabet `\mathit' in version `normal'
(Font)                  OT1/ptm/m/it --> OT1/lmr/m/it on input line 33.
LaTeX Font Info:    Overwriting math alphabet `\mathtt' in version `normal'
(Font)                  OT1/cmtt/m/n --> OT1/lmtt/m/n on input line 34.
LaTeX Font Info:    Overwriting math alphabet `\mathbf' in version `bold'
(Font)                  OT1/ptm/bx/n --> OT1/lmr/bx/n on input line 35.
LaTeX Font Info:    Overwriting math alphabet `\mathsf' in version `bold'
(Font)                  OT1/cmss/bx/n --> OT1/lmss/bx/n on input line 36.
LaTeX Font Info:    Overwriting math alphabet `\mathit' in version `bold'
(Font)                  OT1/ptm/m/it --> OT1/lmr/bx/it on input line 37.
LaTeX Font Info:    Overwriting math alphabet `\mathtt' in version `bold'
(Font)                  OT1/cmtt/m/n --> OT1/lmtt/m/n on input line 38.
) (c:/Users/mbrxsmbc/Documents/TinyTex/texmf-dist/tex/latex/float/float.sty
Package: float 2001/11/08 v1.3d Float enhancements (AL)
\c@float@type=\count282
\float@exts=\toks31
\float@box=\box53
\@float@everytoks=\toks32
\@floatcapt=\box54
)
(c:/Users/mbrxsmbc/Documents/TinyTex/texmf-dist/tex/latex/graphics/rotating.sty
Package: rotating 2016/08/11 v2.16d rotated objects in LaTeX
(c:/Users/mbrxsmbc/Documents/TinyTex/texmf-dist/tex/latex/base/ifthen.sty
Package: ifthen 2014/09/29 v1.1c Standard LaTeX ifthen package (DPC)
)
\c@r@tfl@t=\count283
\rotFPtop=\skip60
\rotFPbot=\skip61
\rot@float@box=\box55
\rot@mess@toks=\toks33
) (c:/Users/mbrxsmbc/Documents/TinyTex/texmf-dist/tex/latex/natbib/natbib.sty
Package: natbib 2010/09/13 8.31b (PWD, AO)
\bibhang=\skip62
\bibsep=\skip63
LaTeX Info: Redefining \cite on input line 694.
\c@NAT@ctr=\count284
) (c:/Users/mbrxsmbc/Documents/TinyTex/texmf-dist/tex/latex/caption/caption.sty
Package: caption 2020/01/03 v3.4h Customizing captions (AR)
(c:/Users/mbrxsmbc/Documents/TinyTex/texmf-dist/tex/latex/caption/caption3.sty
Package: caption3 2020/01/03 v1.8h caption3 kernel (AR)
Package caption3 Info: TeX engine: e-TeX on input line 61.
\captionmargin=\dimen168
\captionmargin@=\dimen169
\captionwidth=\dimen170
\caption@tempdima=\dimen171
\caption@indent=\dimen172
\caption@parindent=\dimen173
\caption@hangindent=\dimen174
Package caption Info: Standard document class detected.
)
\c@caption@flags=\count285
\c@continuedfloat=\count286
Package caption Info: float package is loaded.
Package caption Info: hyperref package is loaded.
Package caption Info: listings package is loaded.
Package caption Info: longtable package is loaded.

(c:/Users/mbrxsmbc/Documents/TinyTex/texmf-dist/tex/latex/caption/ltcaption.sty
Package: ltcaption 2018/08/26 v1.4a longtable captions (AR)
)
Package caption Info: rotating package is loaded.
) (c:/Users/mbrxsmbc/Documents/TinyTex/texmf-dist/tex/latex/graphics/color.sty
Package: color 2019/11/23 v1.2a Standard LaTeX Color (DPC)

(c:/Users/mbrxsmbc/Documents/TinyTex/texmf-dist/tex/latex/graphics-cfg/color.cf
g
File: color.cfg 2016/01/02 v1.6 sample color configuration
)
Package color Info: Driver file: pdftex.def on input line 147.
)
(c:/Users/mbrxsmbc/Documents/TinyTex/texmf-dist/tex/latex/fancyvrb/fancyvrb.sty
Package: fancyvrb 2020/01/13 v3.5 verbatim text (tvz,hv)
\FV@CodeLineNo=\count287
\FV@InFile=\read3
\FV@TabBox=\box56
\c@FancyVerbLine=\count288
\FV@StepNumber=\count289
\FV@OutFile=\write3
) (c:/Users/mbrxsmbc/Documents/TinyTex/texmf-dist/tex/latex/framed/framed.sty
Package: framed 2011/10/22 v 0.96: framed or shaded text with page breaks
\OuterFrameSep=\skip64
\fb@frw=\dimen175
\fb@frh=\dimen176
\FrameRule=\dimen177
\FrameSep=\dimen178
) (c:/Users/mbrxsmbc/Documents/TinyTex/texmf-dist/tex/latex/tools/array.sty
Package: array 2019/08/31 v2.4l Tabular extension package (FMi)
\col@sep=\dimen179
\ar@mcellbox=\box57
\extrarowheight=\dimen180
\NC@list=\toks34
\extratabsurround=\skip65
\backup@length=\skip66
\ar@cellbox=\box58
)
(c:/Users/mbrxsmbc/Documents/TinyTex/texmf-dist/tex/latex/multirow/multirow.sty
Package: multirow 2019/05/31 v2.5 Span multiple rows of a table
\multirow@colwidth=\skip67
\multirow@cntb=\count290
\multirow@dima=\skip68
\bigstrutjot=\dimen181
) (c:/Users/mbrxsmbc/Documents/TinyTex/texmf-dist/tex/latex/wrapfig/wrapfig.sty
\wrapoverhang=\dimen182
\WF@size=\dimen183
\c@WF@wrappedlines=\count291
\WF@box=\box59
\WF@everypar=\toks35
Package: wrapfig 2003/01/31  v 3.6
)
(c:/Users/mbrxsmbc/Documents/TinyTex/texmf-dist/tex/latex/colortbl/colortbl.sty
Package: colortbl 2020/01/04 v1.0e Color table columns (DPC)
\everycr=\toks36
\minrowclearance=\skip69
)
(c:/Users/mbrxsmbc/Documents/TinyTex/texmf-dist/tex/latex/pdflscape/pdflscape.s
ty
Package: pdflscape 2019/12/05 v0.12 Display of landscape pages in PDF (HO)
(c:/Users/mbrxsmbc/Documents/TinyTex/texmf-dist/tex/latex/graphics/lscape.sty
Package: lscape 2000/10/22 v3.01 Landscape Pages (DPC)
)
Package pdflscape Info: Auto-detected driver: pdftex on input line 81.
) (c:/Users/mbrxsmbc/Documents/TinyTex/texmf-dist/tex/latex/tabu/tabu.sty
Package: tabu 2019/01/11 v2.9 - flexible LaTeX tabulars (FC+tabu-fixed)

(c:/Users/mbrxsmbc/Documents/TinyTex/texmf-dist/tex/latex/varwidth/varwidth.sty
Package: varwidth 2009/03/30 ver 0.92;  Variable-width minipages
\@vwid@box=\box60
\sift@deathcycles=\count292
\@vwid@loff=\dimen184
\@vwid@roff=\dimen185
)
\c@taburow=\count293
\tabu@nbcols=\count294
\tabu@cnt=\count295
\tabu@Xcol=\count296
\tabu@alloc=\count297
\tabu@nested=\count298
\tabu@target=\dimen186
\tabu@spreadtarget=\dimen187
\tabu@naturalX=\dimen188
\tabucolX=\dimen189
\tabu@Xsum=\dimen190
\extrarowdepth=\dimen191
\abovetabulinesep=\dimen192
\belowtabulinesep=\dimen193
\tabustrutrule=\dimen194
\tabu@thebody=\toks37
\tabu@footnotes=\toks38
\tabu@box=\box61
\tabu@arstrutbox=\box62
\tabu@hleads=\box63
\tabu@vleads=\box64
\tabu@cellskip=\skip70
)
(c:/Users/mbrxsmbc/Documents/TinyTex/texmf-dist/tex/latex/threeparttable/threep
arttable.sty
Package: threeparttable 2003/06/13  v 3.0
\@tempboxb=\box65
)
(c:/Users/mbrxsmbc/Documents/TinyTex/texmf-dist/tex/latex/threeparttablex/three
parttablex.sty
Package: threeparttablex 2013/07/23 v0.3 by daleif
(c:/Users/mbrxsmbc/Documents/TinyTex/texmf-dist/tex/latex/environ/environ.sty
Package: environ 2014/05/04 v0.3 A new way to define environments

(c:/Users/mbrxsmbc/Documents/TinyTex/texmf-dist/tex/latex/trimspaces/trimspaces
.sty
Package: trimspaces 2009/09/17 v1.1 Trim spaces around a token list
))
\TPTL@width=\skip71
) (c:/Users/mbrxsmbc/Documents/TinyTex/texmf-dist/tex/generic/ulem/ulem.sty
\UL@box=\box66
\UL@hyphenbox=\box67
\UL@skip=\skip72
\UL@hook=\toks39
\UL@height=\dimen195
\UL@pe=\count299
\UL@pixel=\dimen196
\ULC@box=\box68
Package: ulem 2019/11/18
\ULdepth=\dimen197
)
(c:/Users/mbrxsmbc/Documents/TinyTex/texmf-dist/tex/latex/makecell/makecell.sty
Package: makecell 2009/08/03 V0.1e Managing of Tab Column Heads and Cells
\rotheadsize=\dimen198
\c@nlinenum=\count300
\TeXr@lab=\toks40
) (c:/Users/mbrxsmbc/Documents/TinyTex/texmf-dist/tex/latex/xcolor/xcolor.sty
Package: xcolor 2016/05/11 v2.12 LaTeX color extensions (UK)

(c:/Users/mbrxsmbc/Documents/TinyTex/texmf-dist/tex/latex/graphics-cfg/color.cf
g
File: color.cfg 2016/01/02 v1.6 sample color configuration
)
Package xcolor Info: Driver file: pdftex.def on input line 225.
LaTeX Info: Redefining \color on input line 709.
Package xcolor Info: Model `cmy' substituted by `cmy0' on input line 1348.
Package xcolor Info: Model `hsb' substituted by `rgb' on input line 1352.
Package xcolor Info: Model `RGB' extended on input line 1364.
Package xcolor Info: Model `HTML' substituted by `rgb' on input line 1366.
Package xcolor Info: Model `Hsb' substituted by `hsb' on input line 1367.
Package xcolor Info: Model `tHsb' substituted by `hsb' on input line 1368.
Package xcolor Info: Model `HSB' substituted by `hsb' on input line 1369.
Package xcolor Info: Model `Gray' substituted by `gray' on input line 1370.
Package xcolor Info: Model `wave' substituted by `hsb' on input line 1371.
)
\cslhangindent=\skip73

(c:/Users/mbrxsmbc/Documents/TinyTex/texmf-dist/tex/latex/l3backend/l3backend-p
dfmode.def
File: l3backend-pdfmode.def 2020-02-23 L3 backend support: PDF mode
\l__kernel_color_stack_int=\count301
\l__pdf_internal_box=\box69
) (./thesis.aux)
\openout1 = `thesis.aux'.

LaTeX Font Info:    Checking defaults for OML/cmm/m/it on input line 172.
LaTeX Font Info:    ... okay on input line 172.
LaTeX Font Info:    Checking defaults for OMS/pzccm/m/n on input line 172.
LaTeX Font Info:    Trying to load font information for OMS+pzccm on input line
 172.
(./OMSpzccm.fd
File: OMSpzccm.fd 1996/10/30 Fontinst v1.504 font definitions for OMS/pzccm.
)
LaTeX Font Info:    ... okay on input line 172.
LaTeX Font Info:    Checking defaults for OT1/cmr/m/n on input line 172.
LaTeX Font Info:    ... okay on input line 172.
LaTeX Font Info:    Checking defaults for T1/cmr/m/n on input line 172.
LaTeX Font Info:    ... okay on input line 172.
LaTeX Font Info:    Checking defaults for TS1/cmr/m/n on input line 172.
LaTeX Font Info:    ... okay on input line 172.
LaTeX Font Info:    Checking defaults for OMX/cmex/m/n on input line 172.
LaTeX Font Info:    ... okay on input line 172.
LaTeX Font Info:    Checking defaults for U/cmr/m/n on input line 172.
LaTeX Font Info:    ... okay on input line 172.
LaTeX Font Info:    Checking defaults for PD1/pdf/m/n on input line 172.
LaTeX Font Info:    ... okay on input line 172.
LaTeX Font Info:    Trying to load font information for OT1+lmr on input line 1
72.
(c:/Users/mbrxsmbc/Documents/TinyTex/texmf-dist/tex/latex/lm/ot1lmr.fd
File: ot1lmr.fd 2009/10/30 v1.6 Font defs for Latin Modern
)
(c:/Users/mbrxsmbc/Documents/TinyTex/texmf-dist/tex/latex/epstopdf-pkg/epstopdf
-base.sty
Package: epstopdf-base 2020-01-24 v2.11 Base part for package epstopdf
Package epstopdf-base Info: Redefining graphics rule for `.eps' on input line 4
85.

(c:/Users/mbrxsmbc/Documents/TinyTex/texmf-dist/tex/latex/latexconfig/epstopdf-
sys.cfg
File: epstopdf-sys.cfg 2010/07/13 v1.3 Configuration of (r)epstopdf for TeX Liv
e
))
\c@lstlisting=\count302
\AtBeginShipoutBox=\box70
Package hyperref Info: Link coloring OFF on input line 172.
(c:/Users/mbrxsmbc/Documents/TinyTex/texmf-dist/tex/latex/hyperref/nameref.sty
Package: nameref 2019/09/16 v2.46 Cross-referencing by name of section

(c:/Users/mbrxsmbc/Documents/TinyTex/texmf-dist/tex/latex/refcount/refcount.sty
Package: refcount 2019/12/15 v3.6 Data extraction from label references (HO)
)
(c:/Users/mbrxsmbc/Documents/TinyTex/texmf-dist/tex/generic/gettitlestring/gett
itlestring.sty
Package: gettitlestring 2019/12/15 v1.6 Cleanup title references (HO)
)
\c@section@level=\count303
)
LaTeX Info: Redefining \ref on input line 172.
LaTeX Info: Redefining \pageref on input line 172.
LaTeX Info: Redefining \nameref on input line 172.
(./thesis.out) (./thesis.out)
\@outlinefile=\write4
\openout4 = `thesis.out'.

Package caption Info: Begin \AtBeginDocument code.
Package caption Info: threeparttable package is loaded.
Package caption Info: wrapfig package is loaded.
Package caption Info: End \AtBeginDocument code.
[1

{c:/Users/mbrxsmbc/Documents/TinyTex/texmf-var/fonts/map/pdftex/updmap/pdftex.m
ap}] [2

] (./thesis.toc
LaTeX Font Info:    Trying to load font information for OML+lmm on input line 6
.
(c:/Users/mbrxsmbc/Documents/TinyTex/texmf-dist/tex/latex/lm/omllmm.fd
File: omllmm.fd 2009/10/30 v1.6 Font defs for Latin Modern
)
LaTeX Font Info:    Trying to load font information for OMS+lmsy on input line 
6.
(c:/Users/mbrxsmbc/Documents/TinyTex/texmf-dist/tex/latex/lm/omslmsy.fd
File: omslmsy.fd 2009/10/30 v1.6 Font defs for Latin Modern
)
LaTeX Font Info:    Trying to load font information for OMX+lmex on input line 
6.
(c:/Users/mbrxsmbc/Documents/TinyTex/texmf-dist/tex/latex/lm/omxlmex.fd
File: omxlmex.fd 2009/10/30 v1.6 Font defs for Latin Modern
)
LaTeX Font Info:    External font `lmex10' loaded for size
(Font)              <10> on input line 6.
LaTeX Font Info:    External font `lmex10' loaded for size
(Font)              <7.4> on input line 6.
LaTeX Font Info:    External font `lmex10' loaded for size
(Font)              <6> on input line 6.
LaTeX Font Info:    Font shape `OT1/ptm/bx/n' in size <10> not available
(Font)              Font shape `OT1/ptm/b/n' tried instead on input line 6.
LaTeX Font Info:    Font shape `OT1/ptm/bx/n' in size <7.4> not available
(Font)              Font shape `OT1/ptm/b/n' tried instead on input line 6.
LaTeX Font Info:    Font shape `OT1/ptm/bx/n' in size <6> not available
(Font)              Font shape `OT1/ptm/b/n' tried instead on input line 6.
LaTeX Font Info:    Trying to load font information for U+lasy on input line 6.

(c:/Users/mbrxsmbc/Documents/TinyTex/texmf-dist/tex/latex/base/ulasy.fd
File: ulasy.fd 1998/08/17 v2.2e LaTeX symbol font definitions
)
LaTeX Font Info:    Trying to load font information for U+msa on input line 6.
(c:/Users/mbrxsmbc/Documents/TinyTex/texmf-dist/tex/latex/amsfonts/umsa.fd
File: umsa.fd 2013/01/14 v3.01 AMS symbols A
)
LaTeX Font Info:    Trying to load font information for U+msb on input line 6.
(c:/Users/mbrxsmbc/Documents/TinyTex/texmf-dist/tex/latex/amsfonts/umsb.fd
File: umsb.fd 2013/01/14 v3.01 AMS symbols B
) [3])
\tf@toc=\write5
\openout5 = `thesis.toc'.

[4] (./thesis.lot
Overfull \hbox (10.24591pt too wide) in paragraph at lines 3--3
 [][] [][]\OT1/lmr/m/n/9 Population de-mo-graph-ics for the con-tin-u-ous vari-
ables pre-sented as: mean (IQR) [min,max] 
 []

)
\tf@lot=\write6
\openout6 = `thesis.lot'.

[5

] [6

] (./thesis.lof)
\tf@lof=\write7
\openout7 = `thesis.lof'.

[7] [8

] [9] [10

] [11] [12

]
LaTeX Font Info:    Trying to load font information for OT1+lmtt on input line 
188.
(c:/Users/mbrxsmbc/Documents/TinyTex/texmf-dist/tex/latex/lm/ot1lmtt.fd
File: ot1lmtt.fd 2009/10/30 v1.6 Font defs for Latin Modern
) [13] [14

] [15] [16

]
Chapter 1.

Underfull \vbox (badness 3240) has occurred while \output is active []

[17]
Overfull \hbox (709.53664pt too wide) has occurred while \output is active
\OT1/lmr/m/n/10 18 \OT1/lmr/m/sl/10 CHAPTER 1.  DEVELOPMENT AND EXTERNAL VALIDA
TION OF A MULTI-STATE CLINICAL PREDICTION MODEL FOR CHRONIC KIDNEY DISEASE PATI
ENTS PROGRESSING ONTO RENAL REPLACEMENT THERAPY AND DEATH
 []

[18]
LaTeX Font Info:    Trying to load font information for TS1+lmr on input line 2
42.
(c:/Users/mbrxsmbc/Documents/TinyTex/texmf-dist/tex/latex/lm/ts1lmr.fd
File: ts1lmr.fd 2009/10/30 v1.6 Font defs for Latin Modern
) [19]
<figure/Dev_Paper_State_Diagrams.png, id=347, 880.28876pt x 469.755pt>
File: figure/Dev_Paper_State_Diagrams.png Graphic file (type png)
<use figure/Dev_Paper_State_Diagrams.png>
Package pdftex.def Info: figure/Dev_Paper_State_Diagrams.png  used on input lin
e 274.
(pdftex.def)             Requested size: 371.30594pt x 198.14156pt.

Overfull \hbox (709.53664pt too wide) has occurred while \output is active
\OT1/lmr/m/n/10 20 \OT1/lmr/m/sl/10 CHAPTER 1.  DEVELOPMENT AND EXTERNAL VALIDA
TION OF A MULTI-STATE CLINICAL PREDICTION MODEL FOR CHRONIC KIDNEY DISEASE PATI
ENTS PROGRESSING ONTO RENAL REPLACEMENT THERAPY AND DEATH
 []

[20]
LaTeX Font Info:    Trying to load font information for OMS+lmr on input line 2
80.
(c:/Users/mbrxsmbc/Documents/TinyTex/texmf-dist/tex/latex/lm/omslmr.fd
File: omslmr.fd 2009/10/30 v1.6 Font defs for Latin Modern
)
LaTeX Font Info:    Font shape `OMS/lmr/m/n' in size <10> not available
(Font)              Font shape `OMS/lmsy/m/n' tried instead on input line 280.
LaTeX Font Info:    External font `lmex10' loaded for size
(Font)              <7> on input line 297.
LaTeX Font Info:    External font `lmex10' loaded for size
(Font)              <5> on input line 297.
LaTeX Font Info:    Font shape `OT1/ptm/bx/n' in size <7> not available
(Font)              Font shape `OT1/ptm/b/n' tried instead on input line 297.
LaTeX Font Info:    Font shape `OT1/ptm/bx/n' in size <5> not available
(Font)              Font shape `OT1/ptm/b/n' tried instead on input line 297.

Overfull \hbox (41.46812pt too wide) in paragraph at lines 297--319
 [][] 
 []


LaTeX Warning: `!h' float specifier changed to `!ht'.


Overfull \hbox (87.31343pt too wide) in paragraph at lines 341--368
 [][] 
 []


Overfull \hbox (4.35442pt too wide) in paragraph at lines 414--431
 [][] 
 []

[21 <./figure/Dev_Paper_State_Diagrams.png>]

LaTeX Warning: `!h' float specifier changed to `!ht'.


LaTeX Warning: `!h' float specifier changed to `!ht'.


Overfull \hbox (709.53664pt too wide) has occurred while \output is active
\OT1/lmr/m/n/10 22 \OT1/lmr/m/sl/10 CHAPTER 1.  DEVELOPMENT AND EXTERNAL VALIDA
TION OF A MULTI-STATE CLINICAL PREDICTION MODEL FOR CHRONIC KIDNEY DISEASE PATI
ENTS PROGRESSING ONTO RENAL REPLACEMENT THERAPY AND DEATH
 []

[22]

LaTeX Warning: `!h' float specifier changed to `!ht'.


Package xcolor Warning: Incompatible color definition on input line 433.

[23]
LaTeX Font Info:    Font shape `OT1/lmtt/bx/n' in size <10> not available
(Font)              Font shape `OT1/lmtt/b/n' tried instead on input line 435.
LaTeX Font Info:    Trying to load font information for TS1+lmtt on input line 
437.
(c:/Users/mbrxsmbc/Documents/TinyTex/texmf-dist/tex/latex/lm/ts1lmtt.fd
File: ts1lmtt.fd 2009/10/30 v1.6 Font defs for Latin Modern
)

Package xcolor Warning: Incompatible color definition on input line 445.


Package xcolor Warning: Incompatible color definition on input line 445.

<figure/Dev_Paper_Example.png, id=397, 1239.12938pt x 301.125pt>
File: figure/Dev_Paper_Example.png Graphic file (type png)
<use figure/Dev_Paper_Example.png>
Package pdftex.def Info: figure/Dev_Paper_Example.png  used on input line 477.
(pdftex.def)             Requested size: 371.30594pt x 90.2279pt.

Overfull \hbox (709.53664pt too wide) has occurred while \output is active
\OT1/lmr/m/n/10 24 \OT1/lmr/m/sl/10 CHAPTER 1.  DEVELOPMENT AND EXTERNAL VALIDA
TION OF A MULTI-STATE CLINICAL PREDICTION MODEL FOR CHRONIC KIDNEY DISEASE PATI
ENTS PROGRESSING ONTO RENAL REPLACEMENT THERAPY AND DEATH
 []

[24] [25 <./figure/Dev_Paper_Example.png>]
Overfull \hbox (709.53664pt too wide) has occurred while \output is active
\OT1/lmr/m/n/10 26 \OT1/lmr/m/sl/10 CHAPTER 1.  DEVELOPMENT AND EXTERNAL VALIDA
TION OF A MULTI-STATE CLINICAL PREDICTION MODEL FOR CHRONIC KIDNEY DISEASE PATI
ENTS PROGRESSING ONTO RENAL REPLACEMENT THERAPY AND DEATH
 []

[26]
Appendix A.
[27

]
Overfull \hbox (869.62695pt too wide) has occurred while \output is active
\OT1/lmr/m/n/10 28 \OT1/lmr/m/sl/10 APPENDIX A.  DEVELOPMENT AND EXTERNAL VALID
ATION OF A MULTI-STATE CLINICAL PREDICTION MODEL FOR CHRONIC KIDNEY DISEASE PAT
IENTS PROGRESSING ONTO RENAL REPLACEMENT THERAPY AND DEATH - SUPPLEMENTARY MATE
RIAL
 []

[28]

LaTeX Warning: Reference `tab:Hazard-Two' on page 29 undefined on input line 62
2.


LaTeX Warning: `!h' float specifier changed to `!ht'.


LaTeX Warning: Reference `tab:IV-Two' on page 29 undefined on input line 624.


LaTeX Warning: Reference `tab:EV-Two' on page 29 undefined on input line 626.

[29]
Overfull \hbox (869.62695pt too wide) has occurred while \output is active
\OT1/lmr/m/n/10 30 \OT1/lmr/m/sl/10 APPENDIX A.  DEVELOPMENT AND EXTERNAL VALID
ATION OF A MULTI-STATE CLINICAL PREDICTION MODEL FOR CHRONIC KIDNEY DISEASE PAT
IENTS PROGRESSING ONTO RENAL REPLACEMENT THERAPY AND DEATH - SUPPLEMENTARY MATE
RIAL
 []

[30]

LaTeX Warning: Float too large for page by 27.11836pt on input line 693.

[31]

LaTeX Warning: Reference `tab:Hazard-Three' on page 32 undefined on input line 
697.


LaTeX Warning: Reference `tab:IV-Three' on page 32 undefined on input line 699.



LaTeX Warning: Reference `tab:EV-Three' on page 32 undefined on input line 701.



Overfull \hbox (869.62695pt too wide) has occurred while \output is active
\OT1/lmr/m/n/10 32 \OT1/lmr/m/sl/10 APPENDIX A.  DEVELOPMENT AND EXTERNAL VALID
ATION OF A MULTI-STATE CLINICAL PREDICTION MODEL FOR CHRONIC KIDNEY DISEASE PAT
IENTS PROGRESSING ONTO RENAL REPLACEMENT THERAPY AND DEATH - SUPPLEMENTARY MATE
RIAL
 []

[32


]
Overfull \hbox (91.58002pt too wide) in paragraph at lines 712--768
 [][] 
 []


LaTeX Warning: Float too large for page by 36.11836pt on input line 768.

[33]

LaTeX Warning: Reference `tab:Hazard-Five' on page 34 undefined on input line 7
70.


LaTeX Warning: Reference `tab:IV-Five' on page 34 undefined on input line 772.


LaTeX Warning: Reference `tab:EV-Five' on page 34 undefined on input line 774.


Overfull \hbox (869.62695pt too wide) has occurred while \output is active
\OT1/lmr/m/n/10 34 \OT1/lmr/m/sl/10 APPENDIX A.  DEVELOPMENT AND EXTERNAL VALID
ATION OF A MULTI-STATE CLINICAL PREDICTION MODEL FOR CHRONIC KIDNEY DISEASE PAT
IENTS PROGRESSING ONTO RENAL REPLACEMENT THERAPY AND DEATH - SUPPLEMENTARY MATE
RIAL
 []

[34


] [35


]
Underfull \vbox (badness 10000) has occurred while \output is active []

[36]
Underfull \vbox (badness 10000) has occurred while \output is active []

[37]
Overfull \hbox (34.94713pt too wide) in paragraph at lines 906--908
 \OT1/lmr/m/it/10 Pathol-ogy, Re-search and Prac-tice\OT1/lmr/m/n/10 , vol. 204
, no. 3, pp. 213--214, 2008, doi: []10.1016/j.prp.2007.12.002[]. 
 []


Underfull \vbox (badness 10000) has occurred while \output is active []

[38]
Overfull \hbox (4.76935pt too wide) in paragraph at lines 924--926
 \OT1/lmr/m/n/10 lyzed as such,'' \OT1/lmr/m/it/10 Neu-roepi-demi-ol-ogy\OT1/lm
r/m/n/10 , vol. 30, no. 3, pp. 138--139, 2008, doi: []10.1159/000126908[]. 
 []


Overfull \hbox (59.42285pt too wide) in paragraph at lines 957--959
 \OT1/lmr/m/n/10 The Sal-ford Lung Study,'' \OT1/lmr/m/it/10 Tho-rax\OT1/lmr/m/
n/10 , vol. 69, pp. 1152--1154, 2014, doi: []http://dx.doi.org/10.1136/thoraxjn
l-
 []


Underfull \vbox (badness 10000) has occurred while \output is active []

[39]
Overfull \hbox (121.69975pt too wide) in paragraph at lines 972--974
 [][]\OT1/lmr/m/n/10 [61] H. Wick-ham, ``The tidy tools man-i-festo.'' https://
cran.r-project.org/web/packages/tidyverse/vignettes/manifesto.html,
 []


Overfull \hbox (9.5434pt too wide) in paragraph at lines 993--995
 [][]\OT1/lmr/m/n/10 [68] P. Roys-ton and M. K. B. Par-mar, ``Flex-i-ble para-m
et-ric proportional-hazards and proportional-
 []


Overfull \hbox (21.35556pt too wide) in paragraph at lines 999--1001
 \OT1/lmr/m/it/10 ogy Dial-y-sis Trans-plan-ta-tion\OT1/lmr/m/n/10 , vol. 27, n
o. 12, pp. 4414--4419, Dec. 2012, doi: []10.1093/ndt/gfs461[]. 
 []


Underfull \vbox (badness 10000) has occurred while \output is active []

[40]
Package atveryend Info: Empty hook `BeforeClearDocument' on input line 1039.
[41]
Package atveryend Info: Empty hook `AfterLastShipout' on input line 1039.
(./thesis.aux)
Package atveryend Info: Executing hook `AtVeryEndDocument' on input line 1039.
Package atveryend Info: Executing hook `AtEndAfterFileList' on input line 1039.

Package rerunfilecheck Info: File `thesis.out' has not changed.
(rerunfilecheck)             Checksum: 9134AD4F795EC7D6EB81397BE249163E;1804.

LaTeX Warning: There were undefined references.

Package atveryend Info: Empty hook `AtVeryVeryEnd' on input line 1039.
 ) 
Here is how much of TeX's memory you used:
 12189 strings out of 482913
 184772 string characters out of 5957946
 480896 words of memory out of 5000000
 26976 multiletter control sequences out of 15000+600000
 603505 words of font info for 86 fonts, out of 8000000 for 9000
 14 hyphenation exceptions out of 8191
 41i,14n,42p,1602b,366s stack positions out of 5000i,500n,10000p,200000b,80000s
{c:/Users/mbrxsmbc/Documents/TinyTex/texmf-dist/fonts/enc/dvips/lm/lm-ts1.enc
}{c:/Users/mbrxsmbc/Documents/TinyTex/texmf-dist/fonts/enc/dvips/lm/lm-rmtt.enc
}{c:/Users/mbrxsmbc/Documents/TinyTex/texmf-dist/fonts/enc/dvips/lm/lm-rm.enc}{
c:/Users/mbrxsmbc/Documents/TinyTex/texmf-dist/fonts/enc/dvips/lm/lm-mathsy.enc
}{c:/Users/mbrxsmbc/Documents/TinyTex/texmf-dist/fonts/enc/dvips/lm/lm-mathit.e
nc}{c:/Users/mbrxsmbc/Documents/TinyTex/texmf-dist/fonts/enc/dvips/lm/lm-rmsc.e
nc}<c:/Users/mbrxsmbc/Documents/TinyTex/texmf-dist/fonts/type1/public/lm/lmbx10
.pfb><c:/Users/mbrxsmbc/Documents/TinyTex/texmf-dist/fonts/type1/public/lm/lmbx
12.pfb><c:/Users/mbrxsmbc/Documents/TinyTex/texmf-dist/fonts/type1/public/lm/lm
bx7.pfb><c:/Users/mbrxsmbc/Documents/TinyTex/texmf-dist/fonts/type1/public/lm/l
mcsc10.pfb><c:/Users/mbrxsmbc/Documents/TinyTex/texmf-dist/fonts/type1/public/l
m/lmmi10.pfb><c:/Users/mbrxsmbc/Documents/TinyTex/texmf-dist/fonts/type1/public
/lm/lmr10.pfb><c:/Users/mbrxsmbc/Documents/TinyTex/texmf-dist/fonts/type1/publi
c/lm/lmr17.pfb><c:/Users/mbrxsmbc/Documents/TinyTex/texmf-dist/fonts/type1/publ
ic/lm/lmr5.pfb><c:/Users/mbrxsmbc/Documents/TinyTex/texmf-dist/fonts/type1/publ
ic/lm/lmr7.pfb><c:/Users/mbrxsmbc/Documents/TinyTex/texmf-dist/fonts/type1/publ
ic/lm/lmr9.pfb><c:/Users/mbrxsmbc/Documents/TinyTex/texmf-dist/fonts/type1/publ
ic/lm/lmri10.pfb><c:/Users/mbrxsmbc/Documents/TinyTex/texmf-dist/fonts/type1/pu
blic/lm/lmro10.pfb><c:/Users/mbrxsmbc/Documents/TinyTex/texmf-dist/fonts/type1/
public/lm/lmsy10.pfb><c:/Users/mbrxsmbc/Documents/TinyTex/texmf-dist/fonts/type
1/public/lm/lmtk10.pfb><c:/Users/mbrxsmbc/Documents/TinyTex/texmf-dist/fonts/ty
pe1/public/lm/lmtt10.pfb><c:/Users/mbrxsmbc/Documents/TinyTex/texmf-dist/fonts/
type1/public/lm/lmtt8.pfb><c:/Users/mbrxsmbc/Documents/TinyTex/texmf-dist/fonts
/type1/public/amsfonts/symbols/msam10.pfb>
Output written on thesis.pdf (41 pages, 846022 bytes).
PDF statistics:
 733 PDF objects out of 1000 (max. 8388607)
 663 compressed objects within 7 object streams
 185 named destinations out of 1000 (max. 500000)
 211 words of extra memory for PDF output out of 10000 (max. 10000000)

